\BOOKMARK [1][-]{chapter*.1}{Noticias Astronom\355a y ciencias del espacio en Colombia}{}% 1
\BOOKMARK [2][-]{subsection.0.0.1}{Congreso Colombiano de Astrof\355sica - COCOA IV 2014}{chapter*.1}% 2
\BOOKMARK [2][-]{subsection.0.0.2}{La UIS en la colaboraci\363n Auger}{chapter*.1}% 3
\BOOKMARK [2][-]{subsection.0.0.3}{Publicaci\363n - Juan D. Soler}{chapter*.1}% 4
\BOOKMARK [2][-]{subsection.0.0.4}{Nuevo programa radial sobre Astronom\355a en Colombia}{chapter*.1}% 5
\BOOKMARK [2][-]{subsection.0.0.5}{Nuevo docente en astronom\355a - ECCI}{chapter*.1}% 6
\BOOKMARK [2][-]{subsection.0.0.6}{Charlas en Spacio - Marzo}{chapter*.1}% 7
\BOOKMARK [2][-]{subsection.0.0.7}{1st workshop on Current Challenges in Cosmology: Inflation and the Origin of CMB anomalies. Mayo 18 - 22, 2015 Cali, Colombia}{chapter*.1}% 8
\BOOKMARK [2][-]{subsection.0.0.8}{2do Science Hack Day bogot\341 - Pre inscripciones abiertas}{chapter*.1}% 9
\BOOKMARK [2][-]{subsection.0.0.9}{Posici\363n Postdoctoral en la UIS}{chapter*.1}% 10
\BOOKMARK [2][-]{subsection.0.0.10}{Astropuerta - Marzo}{chapter*.1}% 11
\BOOKMARK [2][-]{subsection.0.0.11}{Bajo las estrellas - OAN}{chapter*.1}% 12
\BOOKMARK [1][-]{subsection.0.0.11}{Escuelas}{}% 13
\BOOKMARK [2][-]{subsection.0.0.12}{XXIV Verano en el Observatorio 2015 - Deadline 20 de Abril}{subsection.0.0.11}% 14
\BOOKMARK [2][-]{subsection.0.0.13}{Undergraduate Astronomy Research Scholarship - Yale University}{subsection.0.0.11}% 15
\BOOKMARK [1][-]{subsection.0.0.13}{Programas de posgrados}{}% 16
\BOOKMARK [2][-]{subsection.0.0.14}{Posgrados en la UniAndes}{subsection.0.0.13}% 17
\BOOKMARK [2][-]{subsection.0.0.15}{Inscripciones Abiertas Maestr\355a en Astronom\355a en el Observatorio Astron\363mico Nacional y en F\355sica Universidad Nacional}{subsection.0.0.13}% 18
\BOOKMARK [1][-]{subsection.0.0.15}{Congresos y eventos}{}% 19
\BOOKMARK [2][-]{subsection.0.0.16}{EWASS 2015 Deadline: 10 March 2015}{subsection.0.0.15}% 20
\BOOKMARK [1][-]{subsection.0.0.16}{Opini\363n}{}% 21
\BOOKMARK [2][-]{subsection.0.0.17}{\277Est\341s pensando en hacer un Ph.D?}{subsection.0.0.16}% 22
\BOOKMARK [1][-]{subsection.0.0.17}{\277C\363mo publicar en RECANEWS?}{}% 23
\BOOKMARK [1][-]{section*.7}{Repositorio de RECANEWS}{}% 24
\BOOKMARK [1][-]{section*.8}{Contacto del RECA}{}% 25
\BOOKMARK [1][-]{section*.9}{Representantes de RECA en las regiones}{}% 26
\BOOKMARK [1][-]{section*.10}{Editor RECANEWS}{}% 27
